Итерация: 1; Интервал: [0, 1]; f_x0 = -1.679, x_0 = 0.143
Итерация: 1, Интервал: [0.143, 1]; epsilon = 0.01, (b - a) > 2*epsilon
Итерация: 2; Интервал: [0.143, 1]; f_x0 = -1.245, x_0 = 0.265
Итерация: 2, Интервал: [0.265, 1]; epsilon = 0.01, (b - a) > 2*epsilon
Итерация: 3; Интервал: [0.265, 1]; f_x0 = -0.65, x_0 = 0.37
Итерация: 3, Интервал: [0.37, 1]; epsilon = 0.01, (b - a) > 2*epsilon
Итерация: 4; Интервал: [0.37, 1]; f_x0 = 0.09, x_0 = 0.46
Итерация: 4, Интервал: [0.37, 0.46]; epsilon = 0.01, (b - a) > 2*epsilon
Итерация: 5; Интервал: [0.37, 0.46]; f_x0 = -0.559, x_0 = 0.383
Итерация: 5, Интервал: [0.383, 0.46]; epsilon = 0.01, (b - a) > 2*epsilon
Итерация: 6; Интервал: [0.383, 0.46]; f_x0 = -0.477, x_0 = 0.394
Итерация: 6, Интервал: [0.394, 0.46]; epsilon = 0.01, (b - a) > 2*epsilon
Итерация: 7; Интервал: [0.394, 0.46]; f_x0 = -0.404, x_0 = 0.404
Итерация: 7, Интервал: [0.404, 0.46]; epsilon = 0.01, (b - a) > 2*epsilon
Итерация: 8; Интервал: [0.404, 0.46]; f_x0 = -0.339, x_0 = 0.412
Итерация: 8, Интервал: [0.412, 0.46]; epsilon = 0.01, (b - a) > 2*epsilon
Итерация: 9; Интервал: [0.412, 0.46]; f_x0 = -0.283, x_0 = 0.419
Итерация: 9, Интервал: [0.419, 0.46]; epsilon = 0.01, (b - a) > 2*epsilon
Итерация: 10; Интервал: [0.419, 0.46]; f_x0 = -0.233, x_0 = 0.425
Итерация: 10, Интервал: [0.425, 0.46]; epsilon = 0.01, (b - a) > 2*epsilon
Итерация: 11; Интервал: [0.425, 0.46]; f_x0 = -0.189, x_0 = 0.43
Итерация: 11, Интервал: [0.43, 0.46]; epsilon = 0.01, (b - a) > 2*epsilon
Итерация: 12; Интервал: [0.43, 0.46]; f_x0 = -0.151, x_0 = 0.434
Итерация: 12, Интервал: [0.434, 0.46]; epsilon = 0.01, (b - a) > 2*epsilon
Итерация: 13; Интервал: [0.434, 0.46]; f_x0 = -0.118, x_0 = 0.438
Итерация: 13, Интервал: [0.438, 0.46]; epsilon = 0.01, (b - a) > 2*epsilon
Итерация: 14; Интервал: [0.438, 0.46]; f_x0 = -0.089, x_0 = 0.441
Итерация: 14; Интервал: [0.441, 0.46]; x_0 = (a + b)/2 = 0.451 - искомая точка минимума, процедура завершена.
